PHP Notice:  Trying to access array offset on value of type int in /var/www/html/app/Router/WsRouter.php on line 64
PHP Notice:  Trying to access array offset on value of type int in /var/www/html/app/Router/WsRouter.php on line 64
PHP Notice:  Trying to access array offset on value of type int in /var/www/html/app/Router/WsRouter.php on line 64
PHP Notice:  Trying to access array offset on value of type int in /var/www/html/app/Router/WsRouter.php on line 64
PHP Notice:  Trying to access array offset on value of type int in /var/www/html/app/Router/WsRouter.php on line 64
PHP Notice:  Trying to access array offset on value of type int in /var/www/html/app/Router/WsRouter.php on line 64
PHP Notice:  Trying to access array offset on value of type int in /var/www/html/app/Router/WsRouter.php on line 64
PHP Notice:  Trying to access array offset on value of type int in /var/www/html/app/Router/WsRouter.php on line 64
PHP Notice:  Trying to access array offset on value of type int in /var/www/html/app/Router/WsRouter.php on line 64
errorCode: 110
object(Swoole\Process\Pool)#5 (2) {
  ["object(Swoole\Process\Pool)#5 (2) {
  [master_pid""master_pid]=>
  "]=>
int(1447)
  [  int(1447)
"workers  [""]=>
workers"  NULL
]=>
  }
NULL
}
string(15) "getWorkId----->"
int(0)
array(1) {
  [16]=>
  object(Swoole\Http\Response)#16 (5) {
    ["fd"]=>
    int(5)
    ["socket"]=>
    object(Swoole\Coroutine\Socket)#14 (3) {
      ["fd"]=>
      int(5)
      ["errCode"]=>
      int(0)
      ["errMsg"]=>
      string(0) ""
    }
    ["header"]=>
    array(4) {
      ["Upgrade"]=>
      string(9) "websocket"
      ["Connection"]=>
      string(7) "Upgrade"
      ["Sec-WebSocket-Accept"]=>
      string(28) "xXk7U7AG8lEsMohvRYsfNBk2v9Q="
      ["Sec-WebSocket-Version"]=>
      string(2) "13"
    }
    ["cookie"]=>
    NULL
    ["trailer"]=>
    NULL
  }
}
errorCode: 110
